Added Component: Designator=C1(BU01)
Added Component: Designator=P1(HDR1X6)
Add component (AddParameter): Name = "LatestRevisionDate"; Value = "17-Jul-2002"; VariantName = "[No Variations]"
Add component (AddParameter): Name = "LatestRevisionNote"; Value = "Re-released for DXP Platform."; VariantName = "[No Variations]"
Add component (AddParameter): Name = "Publisher"; Value = "Altium Limited"; VariantName = "[No Variations]"
Added Component: Designator=P2(HDR1X8)
Add component (AddParameter): Name = "LatestRevisionDate"; Value = "17-Jul-2002"; VariantName = "[No Variations]"
Add component (AddParameter): Name = "LatestRevisionNote"; Value = "Re-released for DXP Platform."; VariantName = "[No Variations]"
Add component (AddParameter): Name = "Publisher"; Value = "Altium Limited"; VariantName = "[No Variations]"
Added Pin To Net: NetName=WAKEUP Pin=C1-2
Added Pin To Net: NetName=REST' Pin=C1-3
Added Pin To Net: NetName=IO7 Pin=C1-4
Added Pin To Net: NetName=3V3 Pin=C1-5
Added Pin To Net: NetName=3V3 Pin=C1-6
Added Pin To Net: NetName=3V3 Pin=C1-7
Added Pin To Net: NetName=GND Pin=C1-8
Added Pin To Net: NetName=IO6 Pin=C1-9
Added Pin To Net: NetName=IO5 Pin=C1-10
Added Pin To Net: NetName=IO4 Pin=C1-11
Added Pin To Net: NetName=IO3 Pin=C1-12
Added Pin To Net: NetName=IO2 Pin=C1-13
Added Pin To Net: NetName=IO1 Pin=C1-14
Added Pin To Net: NetName=IO0 Pin=C1-15
Added Pin To Net: NetName=GND Pin=C1-16
Added Pin To Net: NetName=CS' Pin=C1-17
Added Pin To Net: NetName=MOSI Pin=C1-18
Added Pin To Net: NetName=MISO Pin=C1-19
Added Pin To Net: NetName=CLK Pin=C1-20
Added Pin To Net: NetName=GND Pin=C1-21
Added Pin To Net: NetName=GND Pin=C1-23
Added Pin To Net: NetName=GND Pin=C1-24
Added Member To Class: ClassName=BU01 Member=Component C1 BU01
Added Member To Class: ClassName=BU01 Member=Component P1 Header 6
Added Member To Class: ClassName=BU01 Member=Component P2 Header 8
Added Room: Name=BU01
