Added Component: Designator=C1(BU01)
Added Component: Designator=P1(HDR1X8)
Add component (AddParameter): Name = "LatestRevisionDate"; Value = "17-Jul-2002"; VariantName = "[No Variations]"
Add component (AddParameter): Name = "LatestRevisionNote"; Value = "Re-released for DXP Platform."; VariantName = "[No Variations]"
Add component (AddParameter): Name = "Publisher"; Value = "Altium Limited"; VariantName = "[No Variations]"
Added Component: Designator=P2(HDR1X8)
Add component (AddParameter): Name = "LatestRevisionDate"; Value = "17-Jul-2002"; VariantName = "[No Variations]"
Add component (AddParameter): Name = "LatestRevisionNote"; Value = "Re-released for DXP Platform."; VariantName = "[No Variations]"
Add component (AddParameter): Name = "Publisher"; Value = "Altium Limited"; VariantName = "[No Variations]"
Added Pin To Net: NetName=3V3 Pin=C1-5
Added Pin To Net: NetName=3V3 Pin=C1-6
Added Pin To Net: NetName=3V3 Pin=C1-7
Added Pin To Net: NetName=GND Pin=C1-8
Added Pin To Net: NetName=GND Pin=C1-16
Added Pin To Net: NetName=GND Pin=C1-21
Added Pin To Net: NetName=GND Pin=C1-23
Added Pin To Net: NetName=GND Pin=C1-24
Added Pin To Net: NetName=3V3 Pin=P1-1
Added Pin To Net: NetName=GND Pin=P1-2
Added Pin To Net: NetName=NetC1_3 Pin=C1-3
Added Pin To Net: NetName=NetC1_3 Pin=P1-3
Added Net: Name=NetC1_3
Added Pin To Net: NetName=NetC1_4 Pin=C1-4
Added Pin To Net: NetName=NetC1_4 Pin=P2-8
Added Net: Name=NetC1_4
Added Pin To Net: NetName=NetC1_9 Pin=C1-9
Added Pin To Net: NetName=NetC1_9 Pin=P2-7
Added Net: Name=NetC1_9
Added Pin To Net: NetName=NetC1_10 Pin=C1-10
Added Pin To Net: NetName=NetC1_10 Pin=P2-6
Added Net: Name=NetC1_10
Added Pin To Net: NetName=NetC1_11 Pin=C1-11
Added Pin To Net: NetName=NetC1_11 Pin=P2-5
Added Net: Name=NetC1_11
Added Pin To Net: NetName=NetC1_12 Pin=C1-12
Added Pin To Net: NetName=NetC1_12 Pin=P2-4
Added Net: Name=NetC1_12
Added Pin To Net: NetName=NetC1_13 Pin=C1-13
Added Pin To Net: NetName=NetC1_13 Pin=P2-3
Added Net: Name=NetC1_13
Added Pin To Net: NetName=NetC1_14 Pin=C1-14
Added Pin To Net: NetName=NetC1_14 Pin=P2-2
Added Net: Name=NetC1_14
Added Pin To Net: NetName=NetC1_15 Pin=C1-15
Added Pin To Net: NetName=NetC1_15 Pin=P2-1
Added Net: Name=NetC1_15
Added Pin To Net: NetName=NetC1_17 Pin=C1-17
Added Pin To Net: NetName=NetC1_17 Pin=P1-8
Added Net: Name=NetC1_17
Added Pin To Net: NetName=NetC1_18 Pin=C1-18
Added Pin To Net: NetName=NetC1_18 Pin=P1-7
Added Net: Name=NetC1_18
Added Pin To Net: NetName=NetC1_19 Pin=C1-19
Added Pin To Net: NetName=NetC1_19 Pin=P1-6
Added Net: Name=NetC1_19
Added Pin To Net: NetName=NetC1_20 Pin=C1-20
Added Pin To Net: NetName=NetC1_20 Pin=P1-5
Added Net: Name=NetC1_20
Added Pin To Net: NetName=NetC1_22 Pin=C1-22
Added Pin To Net: NetName=NetC1_22 Pin=P1-4
Added Net: Name=NetC1_22
Added Member To Class: ClassName=BU01 Member=Component C1 BU01
Added Member To Class: ClassName=BU01 Member=Component P1 Header 8
Added Member To Class: ClassName=BU01 Member=Component P2 Header 8
Added Room: Name=BU01
